<?xml version="1.0" encoding="UTF-8"?>
<testsuite xmlns:xsi="http://www.w3.org/2001/XMLSchema-instance" xsi:noNamespaceSchemaLocation="https://maven.apache.org/surefire/maven-surefire-plugin/xsd/surefire-test-report-3.0.xsd" version="3.0" name="com.docker.DockerLab.DockerLabApplicationTests" time="6.217" tests="1" errors="0" skipped="0" failures="0">
  <properties>
[...]
</properties>
  <testcase name="contextLoads" classname="com.docker.DockerLab.DockerLabApplicationTests" time="1.551">
    <system-out><![CDATA[17:59:13.518 [main] INFO org.springframework.test.context.support.AnnotationConfigContextLoaderUtils -- Could not detect default configuration classes for test class [com.docker.DockerLab.DockerLabApplicationTests]: DockerLabApplicationTests does not declare any static, non-private, non-final, nested classes annotated with @Configuration.
17:59:13.734 [main] INFO org.springframework.boot.test.context.SpringBootTestContextBootstrapper -- Found @SpringBootConfiguration com.docker.DockerLab.DockerLabApplication for test class com.docker.DockerLab.DockerLabApplicationTests
17:59:14.034 [main] INFO org.springframework.boot.devtools.restart.RestartApplicationListener -- Restart disabled due to context in which it is running

  .   ____          _            __ _ _
 /\\ / ___'_ __ _ _(_)_ __  __ _ \ \ \ \
( ( )\___ | '_ | '_| | '_ \/ _` | \ \ \ \
 \\/  ___)| |_)| | | | | || (_| |  ) ) ) )
  '  |____| .__|_| |_|_| |_\__, | / / / /
 =========|_|==============|___/=/_/_/_/

 :: Spring Boot ::                (v3.3.3)

2024-09-18T17:59:14.425+02:00  INFO 1280 --- [DockerLab] [           main] c.d.DockerLab.DockerLabApplicationTests  : Starting DockerLabApplicationTests using Java 21.0.4 with PID 1280 (started by Amalitech in C:\Users\Amalitech\Desktop\GTP\DockerLab)
2024-09-18T17:59:14.425+02:00  INFO 1280 --- [DockerLab] [           main] c.d.DockerLab.DockerLabApplicationTests  : No active profile set, falling back to 1 default profile: "default"
2024-09-18T17:59:15.434+02:00  INFO 1280 --- [DockerLab] [           main] .s.d.r.c.RepositoryConfigurationDelegate : Multiple Spring Data modules found, entering strict repository configuration mode
2024-09-18T17:59:15.434+02:00  INFO 1280 --- [DockerLab] [           main] .s.d.r.c.RepositoryConfigurationDelegate : Bootstrapping Spring Data MongoDB repositories in DEFAULT mode.
2024-09-18T17:59:15.517+02:00  INFO 1280 --- [DockerLab] [           main] .s.d.r.c.RepositoryConfigurationDelegate : Finished Spring Data repository scanning in 75 ms. Found 1 MongoDB repository interface.
2024-09-18T17:59:16.415+02:00  INFO 1280 --- [DockerLab] [           main] org.mongodb.driver.client                : MongoClient with metadata {"application": {"name": "Cluster0"}, "driver": {"name": "mongo-java-driver|sync|spring-boot", "version": "5.0.1"}, "os": {"type": "Windows", "name": "Windows 11", "architecture": "amd64", "version": "10.0"}, "platform": "Java/Oracle Corporation/21.0.4+8-LTS-274"} created with settings MongoClientSettings{readPreference=primary, writeConcern=WriteConcern{w=majority, wTimeout=null ms, journal=null}, retryWrites=true, retryReads=true, readConcern=ReadConcern{level=null}, credential=MongoCredential{mechanism=null, userName='root', source='admin', password=<hidden>, mechanismProperties=<hidden>}, transportSettings=null, commandListeners=[], codecRegistry=ProvidersCodecRegistry{codecProviders=[ValueCodecProvider{}, BsonValueCodecProvider{}, DBRefCodecProvider{}, DBObjectCodecProvider{}, DocumentCodecProvider{}, CollectionCodecProvider{}, IterableCodecProvider{}, MapCodecProvider{}, GeoJsonCodecProvider{}, GridFSFileCodecProvider{}, Jsr310CodecProvider{}, JsonObjectCodecProvider{}, BsonCodecProvider{}, EnumCodecProvider{}, com.mongodb.client.model.mql.ExpressionCodecProvider@3f598450, com.mongodb.Jep395RecordCodecProvider@2db2a05f, com.mongodb.KotlinCodecProvider@695c938d]}, loggerSettings=LoggerSettings{maxDocumentLength=1000}, clusterSettings={hosts=[127.0.0.1:27017], srvHost=cluster0.baloz.mongodb.net, srvServiceName=mongodb, mode=MULTIPLE, requiredClusterType=REPLICA_SET, requiredReplicaSetName='atlas-ladpvf-shard-0', serverSelector='null', clusterListeners='[]', serverSelectionTimeout='30000 ms', localThreshold='15 ms'}, socketSettings=SocketSettings{connectTimeoutMS=10000, readTimeoutMS=0, receiveBufferSize=0, proxySettings=ProxySettings{host=null, port=null, username=null, password=null}}, heartbeatSocketSettings=SocketSettings{connectTimeoutMS=10000, readTimeoutMS=10000, receiveBufferSize=0, proxySettings=ProxySettings{host=null, port=null, username=null, password=null}}, connectionPoolSettings=ConnectionPoolSettings{maxSize=100, minSize=0, maxWaitTimeMS=120000, maxConnectionLifeTimeMS=0, maxConnectionIdleTimeMS=0, maintenanceInitialDelayMS=0, maintenanceFrequencyMS=60000, connectionPoolListeners=[], maxConnecting=2}, serverSettings=ServerSettings{heartbeatFrequencyMS=10000, minHeartbeatFrequencyMS=500, serverListeners='[]', serverMonitorListeners='[]'}, sslSettings=SslSettings{enabled=true, invalidHostNameAllowed=false, context=null}, applicationName='Cluster0', compressorList=[], uuidRepresentation=JAVA_LEGACY, serverApi=null, autoEncryptionSettings=null, dnsClient=null, inetAddressResolver=null, contextProvider=null}
2024-09-18T17:59:16.501+02:00  INFO 1280 --- [DockerLab] [loz.mongodb.net] org.mongodb.driver.cluster               : Adding discovered server cluster0-shard-00-01.baloz.mongodb.net:27017 to client view of cluster
2024-09-18T17:59:16.546+02:00  INFO 1280 --- [DockerLab] [loz.mongodb.net] org.mongodb.driver.cluster               : Adding discovered server cluster0-shard-00-02.baloz.mongodb.net:27017 to client view of cluster
2024-09-18T17:59:16.551+02:00  INFO 1280 --- [DockerLab] [loz.mongodb.net] org.mongodb.driver.cluster               : Adding discovered server cluster0-shard-00-00.baloz.mongodb.net:27017 to client view of cluster
2024-09-18T17:59:17.833+02:00  INFO 1280 --- [DockerLab] [           main] c.d.DockerLab.DockerLabApplicationTests  : Started DockerLabApplicationTests in 3.833 seconds (process running for 5.463)
2024-09-18T17:59:17.941+02:00  INFO 1280 --- [DockerLab] [ngodb.net:27017] org.mongodb.driver.cluster               : Monitor thread successfully connected to server with description ServerDescription{address=cluster0-shard-00-01.baloz.mongodb.net:27017, type=REPLICA_SET_PRIMARY, state=CONNECTED, ok=true, minWireVersion=0, maxWireVersion=21, maxDocumentSize=16777216, logicalSessionTimeoutMinutes=30, roundTripTimeNanos=717838600, setName='atlas-ladpvf-shard-0', canonicalAddress=cluster0-shard-00-01.baloz.mongodb.net:27017, hosts=[cluster0-shard-00-00.baloz.mongodb.net:27017, cluster0-shard-00-02.baloz.mongodb.net:27017, cluster0-shard-00-01.baloz.mongodb.net:27017], passives=[], arbiters=[], primary='cluster0-shard-00-01.baloz.mongodb.net:27017', tagSet=TagSet{[Tag{name='availabilityZone', value='afs1-az2'}, Tag{name='diskState', value='READY'}, Tag{name='nodeType', value='ELECTABLE'}, Tag{name='provider', value='AWS'}, Tag{name='region', value='AF_SOUTH_1'}, Tag{name='workloadType', value='OPERATIONAL'}]}, electionId=7fffffff000000000000005e, setVersion=10, topologyVersion=TopologyVersion{processId=66e4aefaa44aa305e0ffc050, counter=6}, lastWriteDate=Wed Sep 18 17:58:46 CAT 2024, lastUpdateTimeNanos=8045008051500}
2024-09-18T17:59:17.941+02:00  INFO 1280 --- [DockerLab] [ngodb.net:27017] org.mongodb.driver.cluster               : Monitor thread successfully connected to server with description ServerDescription{address=cluster0-shard-00-02.baloz.mongodb.net:27017, type=REPLICA_SET_SECONDARY, state=CONNECTED, ok=true, minWireVersion=0, maxWireVersion=21, maxDocumentSize=16777216, logicalSessionTimeoutMinutes=30, roundTripTimeNanos=717919400, setName='atlas-ladpvf-shard-0', canonicalAddress=cluster0-shard-00-02.baloz.mongodb.net:27017, hosts=[cluster0-shard-00-00.baloz.mongodb.net:27017, cluster0-shard-00-02.baloz.mongodb.net:27017, cluster0-shard-00-01.baloz.mongodb.net:27017], passives=[], arbiters=[], primary='cluster0-shard-00-01.baloz.mongodb.net:27017', tagSet=TagSet{[Tag{name='availabilityZone', value='afs1-az3'}, Tag{name='diskState', value='READY'}, Tag{name='nodeType', value='ELECTABLE'}, Tag{name='provider', value='AWS'}, Tag{name='region', value='AF_SOUTH_1'}, Tag{name='workloadType', value='OPERATIONAL'}]}, electionId=null, setVersion=10, topologyVersion=TopologyVersion{processId=66e4b27e603bd0a4d67a6064, counter=3}, lastWriteDate=Wed Sep 18 17:58:46 CAT 2024, lastUpdateTimeNanos=8045008092500}
2024-09-18T17:59:17.942+02:00  INFO 1280 --- [DockerLab] [ngodb.net:27017] org.mongodb.driver.cluster               : Monitor thread successfully connected to server with description ServerDescription{address=cluster0-shard-00-00.baloz.mongodb.net:27017, type=REPLICA_SET_SECONDARY, state=CONNECTED, ok=true, minWireVersion=0, maxWireVersion=21, maxDocumentSize=16777216, logicalSessionTimeoutMinutes=30, roundTripTimeNanos=717874300, setName='atlas-ladpvf-shard-0', canonicalAddress=cluster0-shard-00-00.baloz.mongodb.net:27017, hosts=[cluster0-shard-00-00.baloz.mongodb.net:27017, cluster0-shard-00-02.baloz.mongodb.net:27017, cluster0-shard-00-01.baloz.mongodb.net:27017], passives=[], arbiters=[], primary='cluster0-shard-00-01.baloz.mongodb.net:27017', tagSet=TagSet{[Tag{name='availabilityZone', value='afs1-az1'}, Tag{name='diskState', value='READY'}, Tag{name='nodeType', value='ELECTABLE'}, Tag{name='provider', value='AWS'}, Tag{name='region', value='AF_SOUTH_1'}, Tag{name='workloadType', value='OPERATIONAL'}]}, electionId=null, setVersion=10, topologyVersion=TopologyVersion{processId=66e4b0ca66ed3980635c7403, counter=4}, lastWriteDate=Wed Sep 18 17:58:46 CAT 2024, lastUpdateTimeNanos=8045008051500}
2024-09-18T17:59:17.952+02:00  INFO 1280 --- [DockerLab] [ngodb.net:27017] org.mongodb.driver.cluster               : Discovered replica set primary cluster0-shard-00-01.baloz.mongodb.net:27017 with max election id 7fffffff000000000000005e and max set version 10
]]></system-out>
    <system-err><![CDATA[WARNING: A Java agent has been loaded dynamically (C:\Users\Amalitech\.m2\repository\net\bytebuddy\byte-buddy-agent\1.14.19\byte-buddy-agent-1.14.19.jar)
WARNING: If a serviceability tool is in use, please run with -XX:+EnableDynamicAgentLoading to hide this warning
WARNING: If a serviceability tool is not in use, please run with -Djdk.instrument.traceUsage for more information
WARNING: Dynamic loading of agents will be disallowed by default in a future release
]]></system-err>
  </testcase>
</testsuite>